#
# A fatal error has been detected by the Java Runtime Environment:
#
#  Internal Error (safepoint.cpp:300), pid=4827, tid=139805159618304
#  guarantee(PageArmed == 0) failed: invariant
#
# JRE version: 6.0_23-b23
# Java VM: OpenJDK 64-Bit Server VM (20.0-b11 mixed mode linux-amd64 compressed oops)
# Derivative: IcedTea6 1.11pre
# Distribution: Ubuntu 11.10, package 6b23~pre11-0ubuntu1.11.10
# If you would like to submit a bug report, please include
# instructions how to reproduce the bug and visit:
#   https://bugs.launchpad.net/ubuntu/+source/openjdk-6/
#

---------------  T H R E A D  ---------------

Current thread (0x00007f26e8056000):  VMThread [stack: 0x00007f26ecd07000,0x00007f26ece08000] [id=4837]

Stack: [0x00007f26ecd07000,0x00007f26ece08000],  sp=0x00007f26ece067b0,  free space=1021k
Native frames: (J=compiled Java code, j=interpreted, Vv=VM code, C=native code)
V  [libjvm.so+0x783225]  VMError::report(outputStream*)+0x1255
V  [libjvm.so+0x7834a9]  VMError::report_and_die()+0x169
V  [libjvm.so+0x3bb13a]  report_vm_error(char const*, int, char const*, char const*)+0x4a
V  [libjvm.so+0x6bd3cb]  SafepointSynchronize::begin()+0x3fb
V  [libjvm.so+0x787a6c]  VMThread::loop()+0x13c
V  [libjvm.so+0x787da2]  VMThread::run()+0x72
V  [libjvm.so+0x64bc22]  java_start(Thread*)+0x112

VM_Operation (0x0000000001228300): EnableBiasedLocking, mode: async safepoint, requested by thread 0x00007f26e808f000


---------------  P R O C E S S  ---------------

Java Threads: ( => current thread )
  0x00007f26e8084800 JavaThread "Low Memory Detector" daemon [_thread_blocked, id=4843, stack(0x00007f26e7eff000,0x00007f26e8000000)]
  0x00007f26e8082000 JavaThread "C2 CompilerThread1" daemon [_thread_blocked, id=4842, stack(0x00007f26ec008000,0x00007f26ec109000)]
  0x00007f26e807f000 JavaThread "C2 CompilerThread0" daemon [_thread_blocked, id=4841, stack(0x00007f26ec109000,0x00007f26ec20a000)]
  0x00007f26e8070800 JavaThread "Signal Dispatcher" daemon [_thread_blocked, id=4840, stack(0x00007f26ec20a000,0x00007f26ec30b000)]
  0x00007f26e805f000 JavaThread "Finalizer" daemon [_thread_blocked, id=4839, stack(0x00007f26ecb05000,0x00007f26ecc06000)]
  0x00007f26e805d000 JavaThread "Reference Handler" daemon [_thread_blocked, id=4838, stack(0x00007f26ecc06000,0x00007f26ecd07000)]
  0x00000000010ba800 JavaThread "main" [_thread_in_Java, id=4832, stack(0x00007f26f3d8a000,0x00007f26f3e8b000)]

Other Threads:
=>0x00007f26e8056000 VMThread [stack: 0x00007f26ecd07000,0x00007f26ece08000] [id=4837]
  0x00007f26e808f000 WatcherThread [stack: 0x00007f26e7dfe000,0x00007f26e7eff000] [id=4844]

VM state:synchronizing (normal execution)

VM Mutex/Monitor currently owned by a thread:  ([mutex/lock_event])
[0x00000000010b7030] Safepoint_lock - owner thread: 0x00007f26e8056000
[0x00000000010b70b0] Threads_lock - owner thread: 0x00007f26e8056000

Heap
 PSYoungGen      total 123776K, used 105071K [0x00000000ec0b0000, 0x00000000fbaa0000, 0x0000000100000000)
  eden space 54912K, 65% used [0x00000000ec0b0000,0x00000000ee40d270,0x00000000ef650000)
  from space 68864K, 99% used [0x00000000ef650000,0x00000000f398eb90,0x00000000f3990000)
  to   space 86912K, 0% used [0x00000000f65c0000,0x00000000f65c0000,0x00000000fbaa0000)
 PSOldGen        total 193024K, used 116121K [0x00000000c4200000, 0x00000000cfe80000, 0x00000000ec0b0000)
  object space 193024K, 60% used [0x00000000c4200000,0x00000000cb366400,0x00000000cfe80000)
 PSPermGen       total 21248K, used 2767K [0x00000000b9c00000, 0x00000000bb0c0000, 0x00000000c4200000)
  object space 21248K, 13% used [0x00000000b9c00000,0x00000000b9eb3e78,0x00000000bb0c0000)

Code Cache  [0x00007f26edcc3000, 0x00007f26edf33000, 0x00007f26f0cc3000)
 total_blobs=183 nmethods=21 adapters=117 free_code_cache=49921280 largest_free_block=8960

Dynamic libraries:
00400000-00409000 r-xp 00000000 08:08 133289                             /usr/lib/jvm/java-6-openjdk/jre/bin/java
00608000-00609000 r--p 00008000 08:08 133289                             /usr/lib/jvm/java-6-openjdk/jre/bin/java
00609000-0060a000 rw-p 00009000 08:08 133289                             /usr/lib/jvm/java-6-openjdk/jre/bin/java
010b0000-013e9000 rw-p 00000000 00:00 0                                  [heap]
b9c00000-bb0c0000 rw-p 00000000 00:00 0 
bb0c0000-c4200000 rw-p 00000000 00:00 0 
c4200000-cfe80000 rw-p 00000000 00:00 0 
cfe80000-ec0b0000 rw-p 00000000 00:00 0 
ec0b0000-fbaa0000 rw-p 00000000 00:00 0 
fbaa0000-100000000 rw-p 00000000 00:00 0 
7f26e7dfe000-7f26e7dff000 ---p 00000000 00:00 0 
7f26e7dff000-7f26e7eff000 rw-p 00000000 00:00 0 
7f26e7eff000-7f26e7f02000 ---p 00000000 00:00 0 
7f26e7f02000-7f26e8000000 rw-p 00000000 00:00 0 
7f26e8000000-7f26e80a3000 rw-p 00000000 00:00 0 
7f26e80a3000-7f26ec000000 ---p 00000000 00:00 0 
7f26ec008000-7f26ec00b000 ---p 00000000 00:00 0 
7f26ec00b000-7f26ec109000 rw-p 00000000 00:00 0 
7f26ec109000-7f26ec10c000 ---p 00000000 00:00 0 
7f26ec10c000-7f26ec20a000 rw-p 00000000 00:00 0 
7f26ec20a000-7f26ec20d000 ---p 00000000 00:00 0 
7f26ec20d000-7f26ec30b000 rw-p 00000000 00:00 0 
7f26ec30b000-7f26ecb05000 r--p 00000000 08:08 138402                     /usr/lib/locale/locale-archive
7f26ecb05000-7f26ecb08000 ---p 00000000 00:00 0 
7f26ecb08000-7f26ecc06000 rw-p 00000000 00:00 0 
7f26ecc06000-7f26ecc09000 ---p 00000000 00:00 0 
7f26ecc09000-7f26ecd07000 rw-p 00000000 00:00 0 
7f26ecd07000-7f26ecd08000 ---p 00000000 00:00 0 
7f26ecd08000-7f26ed340000 rw-p 00000000 00:00 0 
7f26ed340000-7f26ed4d1000 r--s 037b8000 08:08 133335                     /usr/lib/jvm/java-6-openjdk/jre/lib/rt.jar
7f26ed4d1000-7f26ed4f9000 rw-p 00000000 00:00 0 
7f26ed4f9000-7f26ed4fa000 ---p 00000000 00:00 0 
7f26ed4fa000-7f26ed5fa000 rw-p 00000000 00:00 0 
7f26ed5fa000-7f26ed5fb000 ---p 00000000 00:00 0 
7f26ed5fb000-7f26ed6fb000 rw-p 00000000 00:00 0 
7f26ed6fb000-7f26ed6fc000 ---p 00000000 00:00 0 
7f26ed6fc000-7f26ed7fc000 rw-p 00000000 00:00 0 
7f26ed7fc000-7f26ed7fd000 ---p 00000000 00:00 0 
7f26ed7fd000-7f26ed908000 rw-p 00000000 00:00 0 
7f26ed908000-7f26ed950000 rw-p 00000000 00:00 0 
7f26ed950000-7f26ed9af000 rw-p 00000000 00:00 0 
7f26ed9af000-7f26eda90000 rw-p 00000000 00:00 0 
7f26eda90000-7f26eda9b000 rw-p 00000000 00:00 0 
7f26eda9b000-7f26edae3000 rw-p 00000000 00:00 0 
7f26edae3000-7f26edb42000 rw-p 00000000 00:00 0 
7f26edb42000-7f26edc22000 rw-p 00000000 00:00 0 
7f26edc22000-7f26edca0000 rw-p 00000000 00:00 0 
7f26edca0000-7f26edcc2000 rw-p 00000000 00:00 0 
7f26edcc2000-7f26edcc3000 rw-p 00000000 00:00 0 
7f26edcc3000-7f26edf33000 rwxp 00000000 00:00 0 
7f26edf33000-7f26f0cc3000 rw-p 00000000 00:00 0 
7f26f0cc3000-7f26f0cca000 r-xp 00000000 08:08 133322                     /usr/lib/jvm/java-6-openjdk/jre/lib/amd64/libzip.so
7f26f0cca000-7f26f0ec9000 ---p 00007000 08:08 133322                     /usr/lib/jvm/java-6-openjdk/jre/lib/amd64/libzip.so
7f26f0ec9000-7f26f0eca000 r--p 00006000 08:08 133322                     /usr/lib/jvm/java-6-openjdk/jre/lib/amd64/libzip.so
7f26f0eca000-7f26f0ecb000 rw-p 00007000 08:08 133322                     /usr/lib/jvm/java-6-openjdk/jre/lib/amd64/libzip.so
7f26f0ecb000-7f26f0ed7000 r-xp 00000000 08:08 1575822                    /lib/x86_64-linux-gnu/libnss_files-2.13.so
7f26f0ed7000-7f26f10d6000 ---p 0000c000 08:08 1575822                    /lib/x86_64-linux-gnu/libnss_files-2.13.so
7f26f10d6000-7f26f10d7000 r--p 0000b000 08:08 1575822                    /lib/x86_64-linux-gnu/libnss_files-2.13.so
7f26f10d7000-7f26f10d8000 rw-p 0000c000 08:08 1575822                    /lib/x86_64-linux-gnu/libnss_files-2.13.so
7f26f10d8000-7f26f10e2000 r-xp 00000000 08:08 1575828                    /lib/x86_64-linux-gnu/libnss_nis-2.13.so
7f26f10e2000-7f26f12e2000 ---p 0000a000 08:08 1575828                    /lib/x86_64-linux-gnu/libnss_nis-2.13.so
7f26f12e2000-7f26f12e3000 r--p 0000a000 08:08 1575828                    /lib/x86_64-linux-gnu/libnss_nis-2.13.so
7f26f12e3000-7f26f12e4000 rw-p 0000b000 08:08 1575828                    /lib/x86_64-linux-gnu/libnss_nis-2.13.so
7f26f12e4000-7f26f12fb000 r-xp 00000000 08:08 1575817                    /lib/x86_64-linux-gnu/libnsl-2.13.so
7f26f12fb000-7f26f14fa000 ---p 00017000 08:08 1575817                    /lib/x86_64-linux-gnu/libnsl-2.13.so
7f26f14fa000-7f26f14fb000 r--p 00016000 08:08 1575817                    /lib/x86_64-linux-gnu/libnsl-2.13.so
7f26f14fb000-7f26f14fc000 rw-p 00017000 08:08 1575817                    /lib/x86_64-linux-gnu/libnsl-2.13.so
7f26f14fc000-7f26f14fe000 rw-p 00000000 00:00 0 
7f26f14fe000-7f26f1506000 r-xp 00000000 08:08 1575814                    /lib/x86_64-linux-gnu/libnss_compat-2.13.so
7f26f1506000-7f26f1705000 ---p 00008000 08:08 1575814                    /lib/x86_64-linux-gnu/libnss_compat-2.13.so
7f26f1705000-7f26f1706000 r--p 00007000 08:08 1575814                    /lib/x86_64-linux-gnu/libnss_compat-2.13.so
7f26f1706000-7f26f1707000 rw-p 00008000 08:08 1575814                    /lib/x86_64-linux-gnu/libnss_compat-2.13.so
7f26f1707000-7f26f1733000 r-xp 00000000 08:08 133321                     /usr/lib/jvm/java-6-openjdk/jre/lib/amd64/libjava.so
7f26f1733000-7f26f1932000 ---p 0002c000 08:08 133321                     /usr/lib/jvm/java-6-openjdk/jre/lib/amd64/libjava.so
7f26f1932000-7f26f1933000 r--p 0002b000 08:08 133321                     /usr/lib/jvm/java-6-openjdk/jre/lib/amd64/libjava.so
7f26f1933000-7f26f1936000 rw-p 0002c000 08:08 133321                     /usr/lib/jvm/java-6-openjdk/jre/lib/amd64/libjava.so
7f26f1936000-7f26f1944000 r-xp 00000000 08:08 133304                     /usr/lib/jvm/java-6-openjdk/jre/lib/amd64/libverify.so
7f26f1944000-7f26f1b43000 ---p 0000e000 08:08 133304                     /usr/lib/jvm/java-6-openjdk/jre/lib/amd64/libverify.so
7f26f1b43000-7f26f1b45000 r--p 0000d000 08:08 133304                     /usr/lib/jvm/java-6-openjdk/jre/lib/amd64/libverify.so
7f26f1b45000-7f26f1b46000 rw-p 0000f000 08:08 133304                     /usr/lib/jvm/java-6-openjdk/jre/lib/amd64/libverify.so
7f26f1b46000-7f26f1b4d000 r-xp 00000000 08:08 1569816                    /lib/x86_64-linux-gnu/librt-2.13.so
7f26f1b4d000-7f26f1d4c000 ---p 00007000 08:08 1569816                    /lib/x86_64-linux-gnu/librt-2.13.so
7f26f1d4c000-7f26f1d4d000 r--p 00006000 08:08 1569816                    /lib/x86_64-linux-gnu/librt-2.13.so
7f26f1d4d000-7f26f1d4e000 rw-p 00007000 08:08 1569816                    /lib/x86_64-linux-gnu/librt-2.13.so
7f26f1d4e000-7f26f1d63000 r-xp 00000000 08:08 1575438                    /lib/x86_64-linux-gnu/libgcc_s.so.1
7f26f1d63000-7f26f1f62000 ---p 00015000 08:08 1575438                    /lib/x86_64-linux-gnu/libgcc_s.so.1
7f26f1f62000-7f26f1f63000 r--p 00014000 08:08 1575438                    /lib/x86_64-linux-gnu/libgcc_s.so.1
7f26f1f63000-7f26f1f64000 rw-p 00015000 08:08 1575438                    /lib/x86_64-linux-gnu/libgcc_s.so.1
7f26f1f64000-7f26f1fe7000 r-xp 00000000 08:08 1575829                    /lib/x86_64-linux-gnu/libm-2.13.so
7f26f1fe7000-7f26f21e6000 ---p 00083000 08:08 1575829                    /lib/x86_64-linux-gnu/libm-2.13.so
7f26f21e6000-7f26f21e7000 r--p 00082000 08:08 1575829                    /lib/x86_64-linux-gnu/libm-2.13.so
7f26f21e7000-7f26f21e8000 rw-p 00083000 08:08 1575829                    /lib/x86_64-linux-gnu/libm-2.13.so
7f26f21e8000-7f26f22d0000 r-xp 00000000 08:08 131300                     /usr/lib/x86_64-linux-gnu/libstdc++.so.6.0.16
7f26f22d0000-7f26f24d0000 ---p 000e8000 08:08 131300                     /usr/lib/x86_64-linux-gnu/libstdc++.so.6.0.16
7f26f24d0000-7f26f24d8000 r--p 000e8000 08:08 131300                     /usr/lib/x86_64-linux-gnu/libstdc++.so.6.0.16
7f26f24d8000-7f26f24da000 rw-p 000f0000 08:08 131300                     /usr/lib/x86_64-linux-gnu/libstdc++.so.6.0.16
7f26f24da000-7f26f24ef000 rw-p 00000000 00:00 0 
7f26f24ef000-7f26f2df2000 r-xp 00000000 08:08 133324                     /usr/lib/jvm/java-6-openjdk/jre/lib/amd64/server/libjvm.so
7f26f2df2000-7f26f2ff1000 ---p 00903000 08:08 133324                     /usr/lib/jvm/java-6-openjdk/jre/lib/amd64/server/libjvm.so
7f26f2ff1000-7f26f3072000 r--p 00902000 08:08 133324                     /usr/lib/jvm/java-6-openjdk/jre/lib/amd64/server/libjvm.so
7f26f3072000-7f26f308d000 rw-p 00983000 08:08 133324                     /usr/lib/jvm/java-6-openjdk/jre/lib/amd64/server/libjvm.so
7f26f308d000-7f26f30b6000 rw-p 00000000 00:00 0 
7f26f30b6000-7f26f30cd000 r-xp 00000000 08:08 1573786                    /lib/x86_64-linux-gnu/libz.so.1.2.3.4
7f26f30cd000-7f26f32cc000 ---p 00017000 08:08 1573786                    /lib/x86_64-linux-gnu/libz.so.1.2.3.4
7f26f32cc000-7f26f32cd000 r--p 00016000 08:08 1573786                    /lib/x86_64-linux-gnu/libz.so.1.2.3.4
7f26f32cd000-7f26f32ce000 rw-p 00017000 08:08 1573786                    /lib/x86_64-linux-gnu/libz.so.1.2.3.4
7f26f32ce000-7f26f3463000 r-xp 00000000 08:08 1575819                    /lib/x86_64-linux-gnu/libc-2.13.so
7f26f3463000-7f26f3662000 ---p 00195000 08:08 1575819                    /lib/x86_64-linux-gnu/libc-2.13.so
7f26f3662000-7f26f3666000 r--p 00194000 08:08 1575819                    /lib/x86_64-linux-gnu/libc-2.13.so
7f26f3666000-7f26f3667000 rw-p 00198000 08:08 1575819                    /lib/x86_64-linux-gnu/libc-2.13.so
7f26f3667000-7f26f366d000 rw-p 00000000 00:00 0 
7f26f366d000-7f26f366f000 r-xp 00000000 08:08 1575820                    /lib/x86_64-linux-gnu/libdl-2.13.so
7f26f366f000-7f26f386f000 ---p 00002000 08:08 1575820                    /lib/x86_64-linux-gnu/libdl-2.13.so
7f26f386f000-7f26f3870000 r--p 00002000 08:08 1575820                    /lib/x86_64-linux-gnu/libdl-2.13.so
7f26f3870000-7f26f3871000 rw-p 00003000 08:08 1575820                    /lib/x86_64-linux-gnu/libdl-2.13.so
7f26f3871000-7f26f3875000 r-xp 00000000 08:08 133302                     /usr/lib/jvm/java-6-openjdk/jre/lib/amd64/jli/libjli.so
7f26f3875000-7f26f3a74000 ---p 00004000 08:08 133302                     /usr/lib/jvm/java-6-openjdk/jre/lib/amd64/jli/libjli.so
7f26f3a74000-7f26f3a75000 r--p 00003000 08:08 133302                     /usr/lib/jvm/java-6-openjdk/jre/lib/amd64/jli/libjli.so
7f26f3a75000-7f26f3a76000 rw-p 00004000 08:08 133302                     /usr/lib/jvm/java-6-openjdk/jre/lib/amd64/jli/libjli.so
7f26f3a76000-7f26f3a8e000 r-xp 00000000 08:08 1575827                    /lib/x86_64-linux-gnu/libpthread-2.13.so
7f26f3a8e000-7f26f3c8d000 ---p 00018000 08:08 1575827                    /lib/x86_64-linux-gnu/libpthread-2.13.so
7f26f3c8d000-7f26f3c8e000 r--p 00017000 08:08 1575827                    /lib/x86_64-linux-gnu/libpthread-2.13.so
7f26f3c8e000-7f26f3c8f000 rw-p 00018000 08:08 1575827                    /lib/x86_64-linux-gnu/libpthread-2.13.so
7f26f3c8f000-7f26f3c93000 rw-p 00000000 00:00 0 
7f26f3c93000-7f26f3cb4000 r-xp 00000000 08:08 1575826                    /lib/x86_64-linux-gnu/ld-2.13.so
7f26f3cca000-7f26f3cd4000 rw-p 00000000 00:00 0 
7f26f3cd4000-7f26f3d8a000 rw-p 00000000 00:00 0 
7f26f3d8a000-7f26f3d8d000 ---p 00000000 00:00 0 
7f26f3d8d000-7f26f3e90000 rw-p 00000000 00:00 0 
7f26f3e9d000-7f26f3ea5000 r--s 00066000 08:08 532907                     /usr/share/java/gnome-java-bridge.jar
7f26f3ea5000-7f26f3ea7000 r--s 0000f000 08:08 133274                     /usr/lib/jvm/java-6-openjdk/jre/lib/ext/pulse-java.jar
7f26f3ea7000-7f26f3eaf000 rw-s 00000000 08:08 133771                     /tmp/hsperfdata_abhiram/4827
7f26f3eaf000-7f26f3eb0000 rw-p 00000000 00:00 0 
7f26f3eb0000-7f26f3eb1000 ---p 00000000 00:00 0 
7f26f3eb1000-7f26f3eb3000 rw-p 00000000 00:00 0 
7f26f3eb3000-7f26f3eb4000 r--p 00020000 08:08 1575826                    /lib/x86_64-linux-gnu/ld-2.13.so
7f26f3eb4000-7f26f3eb6000 rw-p 00021000 08:08 1575826                    /lib/x86_64-linux-gnu/ld-2.13.so
7fff93f5a000-7fff93f7b000 rw-p 00000000 00:00 0                          [stack]
7fff93fff000-7fff94000000 r-xp 00000000 00:00 0                          [vdso]
ffffffffff600000-ffffffffff601000 r-xp 00000000 00:00 0                  [vsyscall]

VM Arguments:
jvm_args: -Dfile.encoding=UTF-8 
java_command: sortTester
Launcher Type: SUN_STANDARD

Environment Variables:
PATH=/usr/lib/lightdm/lightdm:/usr/local/sbin:/usr/local/bin:/usr/sbin:/usr/bin:/sbin:/bin:/usr/games
USERNAME=abhiram
LD_LIBRARY_PATH=/usr/lib/jvm/java-6-openjdk/jre/lib/amd64/server:/usr/lib/jvm/java-6-openjdk/jre/lib/amd64:/usr/lib/jvm/java-6-openjdk/jre/../lib/amd64
SHELL=/bin/bash
DISPLAY=:0

Signal Handlers:
SIGSEGV: [libjvm.so+0x783e60], sa_mask[0]=0x7ffbfeff, sa_flags=0x10000004
SIGBUS: [libjvm.so+0x783e60], sa_mask[0]=0x7ffbfeff, sa_flags=0x10000004
SIGFPE: [libjvm.so+0x6485c0], sa_mask[0]=0x7ffbfeff, sa_flags=0x10000004
SIGPIPE: [libjvm.so+0x6485c0], sa_mask[0]=0x7ffbfeff, sa_flags=0x10000004
SIGXFSZ: [libjvm.so+0x6485c0], sa_mask[0]=0x7ffbfeff, sa_flags=0x10000004
SIGILL: [libjvm.so+0x6485c0], sa_mask[0]=0x7ffbfeff, sa_flags=0x10000004
SIGUSR1: SIG_DFL, sa_mask[0]=0x00000000, sa_flags=0x00000000
SIGUSR2: [libjvm.so+0x648770], sa_mask[0]=0x00000004, sa_flags=0x10000004
SIGHUP: [libjvm.so+0x64b280], sa_mask[0]=0x7ffbfeff, sa_flags=0x10000004
SIGINT: [libjvm.so+0x64b280], sa_mask[0]=0x7ffbfeff, sa_flags=0x10000004
SIGTERM: [libjvm.so+0x64b280], sa_mask[0]=0x7ffbfeff, sa_flags=0x10000004
SIGQUIT: [libjvm.so+0x64b280], sa_mask[0]=0x7ffbfeff, sa_flags=0x10000004


---------------  S Y S T E M  ---------------

OS:Ubuntu 11.10 (oneiric)
uname:Linux 3.0.0-13-generic #22-Ubuntu SMP Wed Nov 2 13:27:26 UTC 2011 x86_64
libc:glibc 2.13 NPTL 2.13 
rlimit: STACK 8192k, CORE 0k, NPROC 30473, NOFILE 4096, AS infinity
load average:4.02 4.14 4.21

/proc/meminfo:
MemTotal:        3916492 kB
MemFree:          847200 kB
Buffers:          140784 kB
Cached:           833168 kB
SwapCached:            0 kB
Active:          1850320 kB
Inactive:         697220 kB
Active(anon):    1574452 kB
Inactive(anon):     2012 kB
Active(file):     275868 kB
Inactive(file):   695208 kB
Unevictable:          40 kB
Mlocked:              40 kB
SwapTotal:       4048892 kB
SwapFree:        4048892 kB
Dirty:                36 kB
Writeback:             0 kB
AnonPages:       1573612 kB
Mapped:           326684 kB
Shmem:              2892 kB
Slab:              77480 kB
SReclaimable:      51860 kB
SUnreclaim:        25620 kB
KernelStack:        3704 kB
PageTables:        33972 kB
NFS_Unstable:          0 kB
Bounce:                0 kB
WritebackTmp:          0 kB
CommitLimit:     6007136 kB
Committed_AS:    4170876 kB
VmallocTotal:   34359738367 kB
VmallocUsed:      316836 kB
VmallocChunk:   34359419308 kB
HardwareCorrupted:     0 kB
AnonHugePages:         0 kB
HugePages_Total:       0
HugePages_Free:        0
HugePages_Rsvd:        0
HugePages_Surp:        0
Hugepagesize:       2048 kB
DirectMap4k:      167936 kB
DirectMap2M:     3887104 kB


CPU:total 4 (2 cores per cpu, 2 threads per core) family 6 model 37 stepping 5, cmov, cx8, fxsr, mmx, sse, sse2, sse3, ssse3, sse4.1, sse4.2, popcnt, ht

Memory: 4k page, physical 3916492k(847200k free), swap 4048892k(4048892k free)

vm_info: OpenJDK 64-Bit Server VM (20.0-b11) for linux-amd64 JRE (1.6.0_23-b23), built on Oct 22 2011 01:00:57 by "buildd" with gcc 4.6.1

time: Tue Jan 24 16:42:50 2012
elapsed time: 2580 seconds

